Started GET "/" for ::1 at 2021-04-13 10:50:41 +0900
  [1m[35m (2.2ms)[0m  [1m[34mSELECT sqlite_version(*)[0m
Processing by Rails::WelcomeController#index as HTML
  Rendering /Users/kangseonghee/.rbenv/versions/2.7.2/lib/ruby/gems/2.7.0/gems/railties-6.1.3.1/lib/rails/templates/rails/welcome/index.html.erb
  Rendered /Users/kangseonghee/.rbenv/versions/2.7.2/lib/ruby/gems/2.7.0/gems/railties-6.1.3.1/lib/rails/templates/rails/welcome/index.html.erb (Duration: 8.6ms | Allocations: 445)
Completed 200 OK in 29ms (Views: 14.5ms | ActiveRecord: 0.0ms | Allocations: 3614)


Started GET "/" for ::1 at 2021-04-13 10:53:23 +0900
Processing by HomeController#index as HTML
  Rendering layout layouts/application.html.erb
  Rendering home/index.html.erb within layouts/application
  Rendered home/index.html.erb within layouts/application (Duration: 1.2ms | Allocations: 115)
  Rendered layout layouts/application.html.erb (Duration: 53.8ms | Allocations: 17802)
Completed 500 Internal Server Error in 58ms (Allocations: 18866)


  
ActionView::Template::Error (Webpacker can't find application.js in /Users/kangseonghee/Desktop/ruby-on-rails/ruby-on-rails/p_1-8/public/packs/manifest.json. Possible causes:
1. You want to set webpacker.yml value of compile to true for your environment
   unless you are using the `webpack -w` or the webpack-dev-server.
2. webpack has not yet re-run to reflect updates.
3. You have misconfigured Webpacker's config/webpacker.yml file.
4. Your webpack configuration is not creating a manifest.
Your manifest contains:
{
}
):
     7:     <%= csp_meta_tag %>
     8: 
     9:     <%= stylesheet_link_tag 'application', media: 'all', 'data-turbolinks-track': 'reload' %>
    10:     <%= javascript_pack_tag 'application', 'data-turbolinks-track': 'reload' %>
    11:   </head>
    12: 
    13:   <body>
  
app/views/layouts/application.html.erb:10
Started GET "/" for ::1 at 2021-04-13 10:53:46 +0900
  [1m[35m (0.5ms)[0m  [1m[34mSELECT sqlite_version(*)[0m
Processing by HomeController#index as HTML
  Rendering layout layouts/application.html.erb
  Rendering home/index.html.erb within layouts/application
  Rendered home/index.html.erb within layouts/application (Duration: 0.7ms | Allocations: 223)
  Rendered layout layouts/application.html.erb (Duration: 25.0ms | Allocations: 5624)
Completed 500 Internal Server Error in 34ms (ActiveRecord: 0.0ms | Allocations: 8118)


  
ActionView::Template::Error (Webpacker can't find application.js in /Users/kangseonghee/Desktop/ruby-on-rails/ruby-on-rails/p_1-8/public/packs/manifest.json. Possible causes:
1. You want to set webpacker.yml value of compile to true for your environment
   unless you are using the `webpack -w` or the webpack-dev-server.
2. webpack has not yet re-run to reflect updates.
3. You have misconfigured Webpacker's config/webpacker.yml file.
4. Your webpack configuration is not creating a manifest.
Your manifest contains:
{
}
):
     7:     <%= csp_meta_tag %>
     8: 
     9:     <%= stylesheet_link_tag 'application', media: 'all', 'data-turbolinks-track': 'reload' %>
    10:     <%= javascript_pack_tag 'application', 'data-turbolinks-track': 'reload' %>
    11:   </head>
    12: 
    13:   <body>
  
app/views/layouts/application.html.erb:10
Started GET "/" for ::1 at 2021-04-13 10:53:47 +0900
Processing by HomeController#index as HTML
  Rendering layout layouts/application.html.erb
  Rendering home/index.html.erb within layouts/application
  Rendered home/index.html.erb within layouts/application (Duration: 0.1ms | Allocations: 38)
  Rendered layout layouts/application.html.erb (Duration: 4.4ms | Allocations: 3244)
Completed 500 Internal Server Error in 5ms (ActiveRecord: 0.0ms | Allocations: 3624)


  
ActionView::Template::Error (Webpacker can't find application.js in /Users/kangseonghee/Desktop/ruby-on-rails/ruby-on-rails/p_1-8/public/packs/manifest.json. Possible causes:
1. You want to set webpacker.yml value of compile to true for your environment
   unless you are using the `webpack -w` or the webpack-dev-server.
2. webpack has not yet re-run to reflect updates.
3. You have misconfigured Webpacker's config/webpacker.yml file.
4. Your webpack configuration is not creating a manifest.
Your manifest contains:
{
}
):
     7:     <%= csp_meta_tag %>
     8: 
     9:     <%= stylesheet_link_tag 'application', media: 'all', 'data-turbolinks-track': 'reload' %>
    10:     <%= javascript_pack_tag 'application', 'data-turbolinks-track': 'reload' %>
    11:   </head>
    12: 
    13:   <body>
  
app/views/layouts/application.html.erb:10
Started GET "/" for ::1 at 2021-04-13 10:55:37 +0900
Processing by HomeController#index as HTML
  Rendering layout layouts/application.html.erb
  Rendering home/index.html.erb within layouts/application
  Rendered home/index.html.erb within layouts/application (Duration: 0.2ms | Allocations: 38)
[Webpacker] Compiling...
[Webpacker] Compiled all packs in /Users/kangseonghee/Desktop/ruby-on-rails/ruby-on-rails/p_1-8/public/packs
[Webpacker] Hash: e332c6419728fac579d5
Version: webpack 4.46.0
Time: 1509ms
Built at: 2021. 04. 13. ì˜¤ì „ 10:55:40
                                     Asset       Size       Chunks                         Chunk Names
    js/application-f826770d917d8a37c1d8.js    125 KiB  application  [emitted] [immutable]  application
js/application-f826770d917d8a37c1d8.js.map    139 KiB  application  [emitted] [dev]        application
                             manifest.json  364 bytes               [emitted]              
Entrypoint application = js/application-f826770d917d8a37c1d8.js js/application-f826770d917d8a37c1d8.js.map
[./app/javascript/channels sync recursive _channel\.js$] ./app/javascript/channels sync _channel\.js$ 160 bytes {application} [built]
[./app/javascript/channels/index.js] 211 bytes {application} [built]
[./app/javascript/packs/application.js] 492 bytes {application} [built]
[./node_modules/webpack/buildin/module.js] (webpack)/buildin/module.js 552 bytes {application} [built]
    + 3 hidden modules

  Rendered layout layouts/application.html.erb (Duration: 3241.0ms | Allocations: 4218)
Completed 200 OK in 3242ms (Views: 3241.7ms | ActiveRecord: 0.0ms | Allocations: 4554)


Started GET "/" for ::1 at 2021-04-13 11:05:35 +0900
Processing by HomeController#index as HTML
  Rendering layout layouts/application.html.erb
  Rendering home/index.html.erb within layouts/application
  Rendered home/index.html.erb within layouts/application (Duration: 0.4ms | Allocations: 111)
[Webpacker] Everything's up-to-date. Nothing to do
  Rendered layout layouts/application.html.erb (Duration: 6.9ms | Allocations: 3815)
Completed 200 OK in 14ms (Views: 9.3ms | Allocations: 4912)


Started GET "/attack" for ::1 at 2021-04-13 11:05:37 +0900
  
ActionController::RoutingError (No route matches [GET] "/attack"):
  
Started GET "/" for ::1 at 2021-04-13 11:05:38 +0900
Processing by HomeController#index as HTML
  Rendering layout layouts/application.html.erb
  Rendering home/index.html.erb within layouts/application
  Rendered home/index.html.erb within layouts/application (Duration: 0.6ms | Allocations: 130)
[Webpacker] Everything's up-to-date. Nothing to do
  Rendered layout layouts/application.html.erb (Duration: 8.8ms | Allocations: 3655)
Completed 200 OK in 10ms (Views: 9.3ms | Allocations: 4031)


Started GET "/" for ::1 at 2021-04-13 11:06:49 +0900
Processing by HomeController#index as HTML
  Rendering layout layouts/application.html.erb
  Rendering home/index.html.erb within layouts/application
  Rendered home/index.html.erb within layouts/application (Duration: 0.1ms | Allocations: 38)
[Webpacker] Everything's up-to-date. Nothing to do
  Rendered layout layouts/application.html.erb (Duration: 5.0ms | Allocations: 3551)
Completed 200 OK in 6ms (Views: 5.8ms | Allocations: 4044)


Started GET "/attack" for ::1 at 2021-04-13 11:06:50 +0900
Processing by HomeController#attack as HTML
  Rendering layout layouts/application.html.erb
  Rendering home/attack.html.erb within layouts/application
  Rendered home/attack.html.erb within layouts/application (Duration: 0.3ms | Allocations: 106)
[Webpacker] Everything's up-to-date. Nothing to do
  Rendered layout layouts/application.html.erb (Duration: 7.2ms | Allocations: 3634)
Completed 200 OK in 8ms (Views: 7.6ms | Allocations: 4143)


Started GET "/defense" for ::1 at 2021-04-13 11:06:52 +0900
Processing by HomeController#defense as HTML
  Rendering layout layouts/application.html.erb
  Rendering home/defense.html.erb within layouts/application
  Rendered home/defense.html.erb within layouts/application (Duration: 0.4ms | Allocations: 106)
[Webpacker] Everything's up-to-date. Nothing to do
  Rendered layout layouts/application.html.erb (Duration: 13.3ms | Allocations: 4383)
Completed 200 OK in 15ms (Views: 13.8ms | Allocations: 4887)


Started GET "/" for ::1 at 2021-04-13 11:09:39 +0900
Processing by HomeController#index as HTML
  Rendering layout layouts/application.html.erb
  Rendering home/index.html.erb within layouts/application
  Rendered home/index.html.erb within layouts/application (Duration: 0.6ms | Allocations: 121)
[Webpacker] Everything's up-to-date. Nothing to do
  Rendered layout layouts/application.html.erb (Duration: 8.7ms | Allocations: 3826)
Completed 200 OK in 11ms (Views: 10.5ms | Allocations: 4912)


Started GET "/attack?userA=&userB=" for ::1 at 2021-04-13 11:09:44 +0900
Processing by HomeController#attack as HTML
  Parameters: {"userA"=>"", "userB"=>""}
  Rendering layout layouts/application.html.erb
  Rendering home/attack.html.erb within layouts/application
  Rendered home/attack.html.erb within layouts/application (Duration: 0.4ms | Allocations: 105)
[Webpacker] Everything's up-to-date. Nothing to do
  Rendered layout layouts/application.html.erb (Duration: 5.8ms | Allocations: 3631)
Completed 200 OK in 7ms (Views: 6.2ms | Allocations: 4131)


Started GET "/" for ::1 at 2021-04-13 11:09:45 +0900
Processing by HomeController#index as HTML
  Rendering layout layouts/application.html.erb
  Rendering home/index.html.erb within layouts/application
  Rendered home/index.html.erb within layouts/application (Duration: 0.1ms | Allocations: 38)
[Webpacker] Everything's up-to-date. Nothing to do
  Rendered layout layouts/application.html.erb (Duration: 5.2ms | Allocations: 3561)
Completed 200 OK in 6ms (Views: 5.6ms | Allocations: 3937)


Started GET "/" for ::1 at 2021-04-13 11:10:59 +0900
Processing by HomeController#index as HTML
  Rendering layout layouts/application.html.erb
  Rendering home/index.html.erb within layouts/application
  Rendered home/index.html.erb within layouts/application (Duration: 0.3ms | Allocations: 120)
[Webpacker] Everything's up-to-date. Nothing to do
  Rendered layout layouts/application.html.erb (Duration: 7.2ms | Allocations: 3824)
Completed 200 OK in 10ms (Views: 8.9ms | Allocations: 4902)


Started GET "/" for ::1 at 2021-04-13 11:13:23 +0900
Processing by HomeController#index as HTML
  Rendering layout layouts/application.html.erb
  Rendering home/index.html.erb within layouts/application
  Rendered home/index.html.erb within layouts/application (Duration: 0.5ms | Allocations: 125)
[Webpacker] Everything's up-to-date. Nothing to do
  Rendered layout layouts/application.html.erb (Duration: 7.7ms | Allocations: 3829)
Completed 200 OK in 12ms (Views: 10.5ms | Allocations: 4913)


Started GET "/attack?userA=%E3%85%81%E3%85%81&userB=%E3%85%81%E3%85%8E%E3%85%87" for ::1 at 2021-04-13 11:13:26 +0900
Processing by HomeController#attack as HTML
  Parameters: {"userA"=>"ã…ã…", "userB"=>"ã…ã…Žã…‡"}
  Rendering layout layouts/application.html.erb
  Rendering home/attack.html.erb within layouts/application
  Rendered home/attack.html.erb within layouts/application (Duration: 0.4ms | Allocations: 126)
[Webpacker] Everything's up-to-date. Nothing to do
  Rendered layout layouts/application.html.erb (Duration: 5.6ms | Allocations: 3652)
Completed 200 OK in 7ms (Views: 6.1ms | Allocations: 4152)


Started GET "/attack?userA=%E3%85%81%E3%85%81&userB=%E3%85%81%E3%85%8E%E3%85%87" for ::1 at 2021-04-13 11:13:34 +0900
Processing by HomeController#attack as HTML
  Parameters: {"userA"=>"ã…ã…", "userB"=>"ã…ã…Žã…‡"}
  Rendering layout layouts/application.html.erb
  Rendering home/attack.html.erb within layouts/application
  Rendered home/attack.html.erb within layouts/application (Duration: 0.4ms | Allocations: 123)
[Webpacker] Everything's up-to-date. Nothing to do
  Rendered layout layouts/application.html.erb (Duration: 6.4ms | Allocations: 3824)
Completed 200 OK in 9ms (Views: 8.1ms | Allocations: 4902)


Started GET "/" for ::1 at 2021-04-13 11:13:35 +0900
Processing by HomeController#index as HTML
  Rendering layout layouts/application.html.erb
  Rendering home/index.html.erb within layouts/application
  Rendered home/index.html.erb within layouts/application (Duration: 0.3ms | Allocations: 122)
[Webpacker] Everything's up-to-date. Nothing to do
  Rendered layout layouts/application.html.erb (Duration: 5.5ms | Allocations: 3651)
Completed 200 OK in 7ms (Views: 5.9ms | Allocations: 4152)


Started GET "/attack?userA=%E3%85%81%E3%85%81&userB=%E3%85%81%E3%85%8E%E3%85%87" for ::1 at 2021-04-13 11:14:02 +0900
Processing by HomeController#attack as HTML
  Parameters: {"userA"=>"ã…ã…", "userB"=>"ã…ã…Žã…‡"}
  Rendering layout layouts/application.html.erb
  Rendering home/attack.html.erb within layouts/application
  Rendered home/attack.html.erb within layouts/application (Duration: 0.5ms | Allocations: 136)
[Webpacker] Everything's up-to-date. Nothing to do
  Rendered layout layouts/application.html.erb (Duration: 6.4ms | Allocations: 3832)
Completed 200 OK in 10ms (Views: 8.9ms | Allocations: 4916)


Started GET "/attack?userA=%E3%85%81%E3%85%81&userB=%E3%85%81%E3%85%8E%E3%85%87" for ::1 at 2021-04-13 11:25:06 +0900
Processing by HomeController#attack as HTML
  Parameters: {"userA"=>"ã…ã…", "userB"=>"ã…ã…Žã…‡"}
  Rendering layout layouts/application.html.erb
  Rendering home/attack.html.erb within layouts/application
  Rendered home/attack.html.erb within layouts/application (Duration: 0.5ms | Allocations: 172)
[Webpacker] Everything's up-to-date. Nothing to do
  Rendered layout layouts/application.html.erb (Duration: 5.5ms | Allocations: 3855)
Completed 200 OK in 9ms (Views: 7.6ms | Allocations: 4958)


Started GET "/" for ::1 at 2021-04-13 11:25:12 +0900
Processing by HomeController#index as HTML
  Rendering layout layouts/application.html.erb
  Rendering home/index.html.erb within layouts/application
  Rendered home/index.html.erb within layouts/application (Duration: 0.5ms | Allocations: 123)
[Webpacker] Everything's up-to-date. Nothing to do
  Rendered layout layouts/application.html.erb (Duration: 9.7ms | Allocations: 4389)
Completed 200 OK in 11ms (Views: 10.2ms | Allocations: 4893)


Started GET "/attack?userA=%E3%85%81%E3%85%81&userB=%E3%85%81%E3%85%8E%E3%85%87" for ::1 at 2021-04-13 11:25:21 +0900
Processing by HomeController#attack as HTML
  Parameters: {"userA"=>"ã…ã…", "userB"=>"ã…ã…Žã…‡"}
  Rendering layout layouts/application.html.erb
  Rendering home/attack.html.erb within layouts/application
  Rendered home/attack.html.erb within layouts/application (Duration: 0.6ms | Allocations: 165)
[Webpacker] Everything's up-to-date. Nothing to do
  Rendered layout layouts/application.html.erb (Duration: 6.9ms | Allocations: 3862)
Completed 200 OK in 10ms (Views: 8.7ms | Allocations: 4959)


Started GET "/" for ::1 at 2021-04-13 11:25:23 +0900
Processing by HomeController#index as HTML
  Rendering layout layouts/application.html.erb
  Rendering home/index.html.erb within layouts/application
  Rendered home/index.html.erb within layouts/application (Duration: 0.4ms | Allocations: 121)
[Webpacker] Everything's up-to-date. Nothing to do
  Rendered layout layouts/application.html.erb (Duration: 6.7ms | Allocations: 3647)
Completed 200 OK in 9ms (Views: 7.3ms | Allocations: 4151)


Started GET "/" for ::1 at 2021-04-13 11:29:46 +0900
Processing by HomeController#index as HTML
  Rendering layout layouts/application.html.erb
  Rendering home/index.html.erb within layouts/application
  Rendered home/index.html.erb within layouts/application (Duration: 0.3ms | Allocations: 137)
[Webpacker] Everything's up-to-date. Nothing to do
  Rendered layout layouts/application.html.erb (Duration: 6.6ms | Allocations: 3841)
Completed 200 OK in 9ms (Views: 8.2ms | Allocations: 4925)


Started GET "/" for ::1 at 2021-04-13 11:31:04 +0900
Processing by HomeController#index as HTML
  Rendering layout layouts/application.html.erb
  Rendering home/index.html.erb within layouts/application
  Rendered home/index.html.erb within layouts/application (Duration: 0.3ms | Allocations: 135)
[Webpacker] Everything's up-to-date. Nothing to do
  Rendered layout layouts/application.html.erb (Duration: 5.3ms | Allocations: 3818)
Completed 200 OK in 8ms (Views: 6.9ms | Allocations: 4908)


Started GET "/defense?userA=%E3%85%87%E3%85%87&userB=%E3%85%85%E3%85%87" for ::1 at 2021-04-13 11:31:08 +0900
Processing by HomeController#defense as HTML
  Parameters: {"userA"=>"ã…‡ã…‡", "userB"=>"ã……ã…‡"}
  Rendering layout layouts/application.html.erb
  Rendering home/defense.html.erb within layouts/application
  Rendered home/defense.html.erb within layouts/application (Duration: 0.5ms | Allocations: 165)
[Webpacker] Everything's up-to-date. Nothing to do
  Rendered layout layouts/application.html.erb (Duration: 10.3ms | Allocations: 3691)
Completed 200 OK in 12ms (Views: 10.8ms | Allocations: 4205)


